<?xml version="1.0" encoding="UTF-8"?>
<testsuite name="NewToursTest-20240927130700" tests="15" file=".py" time="96.066" timestamp="2024-09-27T13:09:21" failures="3" errors="0" skipped="0">
	<testcase classname="NewToursTest" name="test_failed_login" time="5.975" timestamp="2024-09-27T13:07:11" file="testingNewTour.py" line="80"/>
	<testcase classname="NewToursTest" name="test_flight_page_load" time="5.575" timestamp="2024-09-27T13:07:21" file="testingNewTour.py" line="98"/>
	<testcase classname="NewToursTest" name="test_flight_search" time="6.785" timestamp="2024-09-27T13:07:32" file="testingNewTour.py" line="108"/>
	<testcase classname="NewToursTest" name="test_flight_search_form_fields" time="5.756" timestamp="2024-09-27T13:07:42" file="testingNewTour.py" line="102"/>
	<testcase classname="NewToursTest" name="test_flight_search_no_selection" time="9.951" timestamp="2024-09-27T13:07:56" file="testingNewTour.py" line="134"/>
	<testcase classname="NewToursTest" name="test_login_page_load" time="5.314" timestamp="2024-09-27T13:08:05" file="testingNewTour.py" line="71"/>
	<testcase classname="NewToursTest" name="test_logout" time="6.659" timestamp="2024-09-27T13:08:16" file="testingNewTour.py" line="90"/>
	<testcase classname="NewToursTest" name="test_one_way_flight_search" time="6.307" timestamp="2024-09-27T13:08:26" file="testingNewTour.py" line="122"/>
	<testcase classname="NewToursTest" name="test_registration_form_fields" time="5.957" timestamp="2024-09-27T13:08:36" file="testingNewTour.py" line="25"/>
	<testcase classname="NewToursTest" name="test_registration_page_load" time="5.618" timestamp="2024-09-27T13:08:46" file="testingNewTour.py" line="21"/>
	<testcase classname="NewToursTest" name="test_successful_login" time="6.199" timestamp="2024-09-27T13:09:10" file="testingNewTour.py" line="74"/>
	<testcase classname="NewToursTest" name="test_successful_registration" time="7.355" timestamp="2024-09-27T13:09:21" file="testingNewTour.py" line="31"/>
	<testcase classname="NewToursTest" name="test_empty_login" time="5.166" timestamp="2024-09-27T13:07:05" file="testingNewTour.py" line="86">
		<failure type="AssertionError" message="False is not true"><![CDATA[Traceback (most recent call last):
  File "C:\Users\Leia\Desktop\TestingProject\testingNewTour.py", line 88, in test_empty_login
    self.assertTrue("Enter your userName and password correct" in self.driver.page_source)
AssertionError: False is not true
]]></failure>
	</testcase>
	<testcase classname="NewToursTest" name="test_registration_password_mismatch" time="7.282" timestamp="2024-09-27T13:08:57" file="testingNewTour.py" line="48">
		<failure type="AssertionError" message="False is not true"><![CDATA[Traceback (most recent call last):
  File "C:\Users\Leia\Desktop\TestingProject\testingNewTour.py", line 63, in test_registration_password_mismatch
    self.assertTrue("PAssword and con" not in self.driver.page_source)
AssertionError: False is not true
]]></failure>
	</testcase>
	<testcase classname="NewToursTest" name="test_registration_required_fields" time="6.167" timestamp="2024-09-27T13:09:04" file="testingNewTour.py" line="65">
		<failure type="AssertionError" message="False is not true"><![CDATA[Traceback (most recent call last):
  File "C:\Users\Leia\Desktop\TestingProject\testingNewTour.py", line 68, in test_registration_required_fields
    self.assertTrue("Thank you for registering" not in self.driver.page_source)
AssertionError: False is not true
]]></failure>
	</testcase>
</testsuite>
