<?xml version="1.0" encoding="UTF-8"?>
<testsuite name="NewToursTest-20241004191202" tests="15" file=".py" time="78.615" timestamp="2024-10-04T19:14:10" failures="2" errors="0" skipped="0">
	<testcase classname="NewToursTest" name="test_failed_login" time="4.908" timestamp="2024-10-04T19:12:13" file="testingNewTour.py" line="80"/>
	<testcase classname="NewToursTest" name="test_flight_page_load" time="4.712" timestamp="2024-10-04T19:12:21" file="testingNewTour.py" line="98"/>
	<testcase classname="NewToursTest" name="test_flight_search" time="5.062" timestamp="2024-10-04T19:12:31" file="testingNewTour.py" line="108"/>
	<testcase classname="NewToursTest" name="test_flight_search_form_fields" time="4.792" timestamp="2024-10-04T19:12:39" file="testingNewTour.py" line="102"/>
	<testcase classname="NewToursTest" name="test_flight_search_no_selection" time="9.053" timestamp="2024-10-04T19:12:53" file="testingNewTour.py" line="134"/>
	<testcase classname="NewToursTest" name="test_login_page_load" time="4.453" timestamp="2024-10-04T19:13:01" file="testingNewTour.py" line="71"/>
	<testcase classname="NewToursTest" name="test_logout" time="5.107" timestamp="2024-10-04T19:13:10" file="testingNewTour.py" line="90"/>
	<testcase classname="NewToursTest" name="test_one_way_flight_search" time="5.052" timestamp="2024-10-04T19:13:19" file="testingNewTour.py" line="122"/>
	<testcase classname="NewToursTest" name="test_registration_form_fields" time="4.698" timestamp="2024-10-04T19:13:28" file="testingNewTour.py" line="25"/>
	<testcase classname="NewToursTest" name="test_registration_page_load" time="4.487" timestamp="2024-10-04T19:13:37" file="testingNewTour.py" line="21"/>
	<testcase classname="NewToursTest" name="test_registration_password_mismatch" time="5.589" timestamp="2024-10-04T19:13:47" file="testingNewTour.py" line="48"/>
	<testcase classname="NewToursTest" name="test_successful_login" time="5.045" timestamp="2024-10-04T19:14:01" file="testingNewTour.py" line="74"/>
	<testcase classname="NewToursTest" name="test_successful_registration" time="5.550" timestamp="2024-10-04T19:14:10" file="testingNewTour.py" line="31"/>
	<testcase classname="NewToursTest" name="test_empty_login" time="5.280" timestamp="2024-10-04T19:12:08" file="testingNewTour.py" line="86">
		<failure type="AssertionError" message="False is not true"><![CDATA[Traceback (most recent call last):
  File "C:\Users\Leia\Desktop\TestingProject\testingNewTour.py", line 88, in test_empty_login
    self.assertTrue("Enter your userName and password correct" in self.driver.page_source)
AssertionError: False is not true
]]></failure>
	</testcase>
	<testcase classname="NewToursTest" name="test_registration_required_fields" time="4.828" timestamp="2024-10-04T19:13:56" file="testingNewTour.py" line="65">
		<failure type="AssertionError" message="False is not true"><![CDATA[Traceback (most recent call last):
  File "C:\Users\Leia\Desktop\TestingProject\testingNewTour.py", line 68, in test_registration_required_fields
    self.assertTrue("Thank you for registering" not in self.driver.page_source)
AssertionError: False is not true
]]></failure>
	</testcase>
</testsuite>
